{"total": {"lines":{"total":54,"covered":34,"skipped":0,"pct":62.96},"statements":{"total":55,"covered":35,"skipped":0,"pct":63.64},"functions":{"total":11,"covered":7,"skipped":0,"pct":63.64},"branches":{"total":14,"covered":2,"skipped":0,"pct":14.29}}
,"/Users/zhangyuang/Desktop/github/egg-react-ssr/packages/yk-cli/src/update.ts": {"lines":{"total":16,"covered":11,"skipped":0,"pct":68.75},"functions":{"total":1,"covered":1,"skipped":0,"pct":100},"statements":{"total":16,"covered":11,"skipped":0,"pct":68.75},"branches":{"total":4,"covered":2,"skipped":0,"pct":50}}
,"/Users/zhangyuang/Desktop/github/egg-react-ssr/packages/yk-cli/src/util/index.ts": {"lines":{"total":38,"covered":23,"skipped":0,"pct":60.53},"functions":{"total":10,"covered":6,"skipped":0,"pct":60},"statements":{"total":39,"covered":24,"skipped":0,"pct":61.54},"branches":{"total":10,"covered":0,"skipped":0,"pct":0}}
}
