TN:
SF:/Users/zhangyuang/Desktop/github/egg-react-ssr/packages/yk-cli/src/update.ts
FN:13,updateCli
FNF:1
FNH:1
FNDA:1,updateCli
DA:1,1
DA:2,1
DA:4,1
DA:5,1
DA:13,1
DA:14,1
DA:15,1
DA:16,1
DA:18,1
DA:19,1
DA:20,1
DA:21,1
DA:22,0
DA:23,0
DA:24,0
DA:26,1
LF:16
LH:13
BRDA:18,0,0,1
BRDA:18,0,1,0
BRDA:21,1,0,0
BRDA:21,1,1,1
BRF:4
BRH:2
end_of_record
TN:
SF:/Users/zhangyuang/Desktop/github/egg-react-ssr/packages/yk-cli/src/util/index.ts
FN:13,(anonymous_1)
FN:24,(anonymous_2)
FN:29,(anonymous_3)
FN:30,(anonymous_4)
FN:32,(anonymous_5)
FN:33,(anonymous_6)
FN:34,(anonymous_7)
FN:37,(anonymous_8)
FN:48,getVersionEffective
FN:68,renderTemplate
FNF:10
FNH:6
FNDA:0,(anonymous_1)
FNDA:1,(anonymous_2)
FNDA:1,(anonymous_3)
FNDA:1,(anonymous_4)
FNDA:1,(anonymous_5)
FNDA:1,(anonymous_6)
FNDA:1,(anonymous_7)
FNDA:0,(anonymous_8)
FNDA:0,getVersionEffective
FNDA:0,renderTemplate
DA:1,1
DA:2,1
DA:3,1
DA:4,1
DA:6,1
DA:7,1
DA:9,1
DA:10,1
DA:11,1
DA:13,1
DA:14,0
DA:15,0
DA:16,0
DA:20,1
DA:22,1
DA:24,1
DA:26,1
DA:29,1
DA:30,1
DA:31,1
DA:32,1
DA:33,1
DA:34,1
DA:35,1
DA:37,0
DA:48,1
DA:49,0
DA:50,0
DA:51,0
DA:52,0
DA:53,0
DA:55,0
DA:57,0
DA:68,1
DA:69,0
DA:70,0
DA:71,0
DA:72,0
LF:38
LH:23
BRDA:14,0,0,0
BRDA:14,0,1,0
BRDA:49,1,0,0
BRDA:49,1,1,0
BRDA:50,2,0,0
BRDA:50,2,1,0
BRDA:51,3,0,0
BRDA:51,3,1,0
BRDA:69,4,0,0
BRDA:69,4,1,0
BRF:10
BRH:0
end_of_record
